<?xml version="1.0" encoding="UTF-8"?>
<testsuite name="org.ababup1192.HelloTest" tests="1" skipped="0" failures="0" errors="0" timestamp="2017-02-19T05:27:49" hostname="1871ddc0-19a4-47ca-772e-f7196ed5ef34" time="0.0">
  <properties/>
  <testcase name="passedTest" classname="org.ababup1192.HelloTest" time="0.0"/>
  <system-out><![CDATA[]]></system-out>
  <system-err><![CDATA[]]></system-err>
</testsuite>
