<?xml version="1.0" encoding="UTF-8"?>
<testsuite name="org.ababup1192.HelloTest" tests="1" skipped="0" failures="0" errors="0" timestamp="2017-02-22T22:49:43" hostname="bcc76100-c4af-45e2-6c31-57f1a8f581eb" time="0.001">
  <properties/>
  <testcase name="passedTest" classname="org.ababup1192.HelloTest" time="0.001"/>
  <system-out><![CDATA[]]></system-out>
  <system-err><![CDATA[]]></system-err>
</testsuite>
