<?xml version="1.0" encoding="UTF-8"?>
<testsuite name="org.ababup1192.HelloTest" tests="1" skipped="0" failures="0" errors="0" timestamp="2017-02-26T22:40:02" hostname="987153ff-368b-49e0-4153-77e26a415629" time="0.007">
  <properties/>
  <testcase name="passedTest" classname="org.ababup1192.HelloTest" time="0.007"/>
  <system-out><![CDATA[]]></system-out>
  <system-err><![CDATA[]]></system-err>
</testsuite>
