<?xml version="1.0" encoding="UTF-8"?>
<testsuite name="org.ababup1192.HelloTest" tests="1" skipped="0" failures="0" errors="0" timestamp="2017-02-22T13:13:51" hostname="46e34ef4-46c2-4ebc-7ec1-d15b4b9386b2" time="0.008">
  <properties/>
  <testcase name="passedTest" classname="org.ababup1192.HelloTest" time="0.008"/>
  <system-out><![CDATA[]]></system-out>
  <system-err><![CDATA[]]></system-err>
</testsuite>
