<?xml version="1.0" encoding="UTF-8"?>
<testsuite name="org.ababup1192.HelloTest" tests="1" skipped="0" failures="0" errors="0" timestamp="2017-02-22T12:14:02" hostname="d493bfef-a7d1-4852-4b38-1cb637faaa7b" time="0.003">
  <properties/>
  <testcase name="passedTest" classname="org.ababup1192.HelloTest" time="0.003"/>
  <system-out><![CDATA[]]></system-out>
  <system-err><![CDATA[]]></system-err>
</testsuite>
