<?xml version="1.0" encoding="UTF-8"?>
<testsuite name="org.ababup1192.HelloTest" tests="1" skipped="0" failures="0" errors="0" timestamp="2017-02-19T06:32:42" hostname="4fe5839a-fb0c-4644-743d-dffbc67a34d2" time="0.004">
  <properties/>
  <testcase name="passedTest" classname="org.ababup1192.HelloTest" time="0.004"/>
  <system-out><![CDATA[]]></system-out>
  <system-err><![CDATA[]]></system-err>
</testsuite>
