<?xml version="1.0" encoding="UTF-8"?>
<testsuite name="org.ababup1192.HelloTest" tests="1" skipped="0" failures="0" errors="0" timestamp="2017-02-24T06:15:40" hostname="8fb97605-6d36-47eb-6415-600a1235f720" time="0.002">
  <properties/>
  <testcase name="passedTest" classname="org.ababup1192.HelloTest" time="0.002"/>
  <system-out><![CDATA[]]></system-out>
  <system-err><![CDATA[]]></system-err>
</testsuite>
