<?xml version="1.0" encoding="UTF-8"?>
<testsuite name="org.ababup1192.HelloTest" tests="1" skipped="0" failures="0" errors="0" timestamp="2017-02-23T07:37:18" hostname="d1c79ac4-e8b1-45fd-6313-10af6a9d8040" time="0.001">
  <properties/>
  <testcase name="passedTest" classname="org.ababup1192.HelloTest" time="0.001"/>
  <system-out><![CDATA[]]></system-out>
  <system-err><![CDATA[]]></system-err>
</testsuite>
