<?xml version="1.0" encoding="UTF-8"?>
<testsuite name="org.ababup1192.HelloTest" tests="1" skipped="0" failures="0" errors="0" timestamp="2017-02-19T06:19:55" hostname="b27f77ad-dc53-40c3-6d9a-a8032e2d61e1" time="0.002">
  <properties/>
  <testcase name="passedTest" classname="org.ababup1192.HelloTest" time="0.002"/>
  <system-out><![CDATA[]]></system-out>
  <system-err><![CDATA[]]></system-err>
</testsuite>
