<?xml version="1.0" encoding="UTF-8"?>
<testsuite name="org.ababup1192.HelloTest" tests="1" skipped="0" failures="0" errors="0" timestamp="2017-02-22T22:22:54" hostname="b2c1e401-cc72-41de-4345-2aa72eb01849" time="0.004">
  <properties/>
  <testcase name="passedTest" classname="org.ababup1192.HelloTest" time="0.004"/>
  <system-out><![CDATA[]]></system-out>
  <system-err><![CDATA[]]></system-err>
</testsuite>
